<?xml version="1.0" encoding="UTF-8"?>
<!-- Generated by org.testng.reporters.JUnitReportReporter -->
<testsuite skipped="0" hostname="sudheer-PC" name="com.OHRMS.testcasescripts.LoginPageTest" tests="2" failures="0" timestamp="22 Jul 2019 06:20:18 GMT" time="2.116" errors="0">
  <testcase name="loginPageTitleTest" time="0.020" classname="com.OHRMS.testcasescripts.LoginPageTest"/>
  <testcase name="LoginTest" time="2.096" classname="com.OHRMS.testcasescripts.LoginPageTest"/>
</testsuite> <!-- com.OHRMS.testcasescripts.LoginPageTest -->
