<?xml version="1.0" encoding="UTF-8"?>
<!-- Generated by org.testng.reporters.JUnitReportReporter -->
<testsuite skipped="0" hostname="sudheer-PC" name="com.OHRMS.testcasescripts.HomePageTest" tests="1" failures="0" timestamp="18 Jul 2019 06:26:40 GMT" time="9.985" errors="0">
  <testcase name="verifyHomePageTitleTest" time="9.985" classname="com.OHRMS.testcasescripts.HomePageTest"/>
</testsuite> <!-- com.OHRMS.testcasescripts.HomePageTest -->
