<?xml version="1.0" encoding="UTF-8"?>
<!-- Generated by org.testng.reporters.JUnitReportReporter -->
<testsuite skipped="0" hostname="sudheer-PC" name="com.OHRMS.testcasescripts.HomePageTest" tests="1" failures="0" timestamp="22 Jul 2019 05:11:31 GMT" time="9.350" errors="0">
  <testcase name="verifyHomePageTitleTest" time="9.350" classname="com.OHRMS.testcasescripts.HomePageTest"/>
</testsuite> <!-- com.OHRMS.testcasescripts.HomePageTest -->
